<?xml version="1.0" encoding="UTF-8"?>
<!-- Generated by org.testng.reporters.JUnitXMLReporter -->
<testsuite ignored="0" hostname="LTIN509522" failures="0" tests="15" name="Test search in Edge" time="251.578" errors="0" timestamp="2024-04-04T22:52:32 IST">
  <testcase classname="testScenario.Global_IT" name="captureUserInfo" time="50.432"/>
  <testcase classname="testScenario.Global_IT" name="clickOnIT" time="15.424"/>
  <testcase classname="testScenario.Global_IT" name="exploreApps" time="31.109"/>
  <testcase classname="testScenario.Global_IT" name="validateApps" time="0.0"/>
  <testcase classname="testScenario.Global_IT" name="validateApps" time="0.001"/>
  <testcase classname="testScenario.Global_IT" name="validateApps" time="0.002"/>
  <testcase classname="testScenario.Global_IT" name="validateApps" time="0.001"/>
  <testcase classname="testScenario.Global_IT" name="validateApps" time="0.001"/>
  <testcase classname="testScenario.Global_IT" name="verifyNewsAvailability" time="0.834"/>
  <testcase classname="testScenario.Global_IT" name="verifyAwardsAvailability" time="0.151"/>
  <testcase classname="testScenario.Global_IT" name="displayNewsCount" time="0.06"/>
  <testcase classname="testScenario.Global_IT" name="validateNewsHeaderAndTooltip" time="0.183"/>
  <testcase classname="testScenario.Global_IT" name="displayAwards" time="39.133"/>
  <testcase classname="testScenario.Global_IT" name="displayAwards" time="50.807"/>
  <testcase classname="testScenario.Global_IT" name="displayAwards" time="35.897"/>
</testsuite> <!-- Test search in Edge -->
