<?xml version="1.0" encoding="UTF-8"?>
<!-- Generated by org.testng.reporters.JUnitXMLReporter -->
<testsuite ignored="0" hostname="LTIN509522" failures="0" tests="15" name="Test search in Chrome" time="223.592" errors="0" timestamp="2024-04-04T22:48:21 IST">
  <testcase classname="testScenario.Global_IT" name="captureUserInfo" time="51.64"/>
  <testcase classname="testScenario.Global_IT" name="clickOnIT" time="5.528"/>
  <testcase classname="testScenario.Global_IT" name="exploreApps" time="32.266"/>
  <testcase classname="testScenario.Global_IT" name="validateApps" time="0.004"/>
  <testcase classname="testScenario.Global_IT" name="validateApps" time="0.001"/>
  <testcase classname="testScenario.Global_IT" name="validateApps" time="0.001"/>
  <testcase classname="testScenario.Global_IT" name="validateApps" time="0.002"/>
  <testcase classname="testScenario.Global_IT" name="validateApps" time="0.0"/>
  <testcase classname="testScenario.Global_IT" name="verifyNewsAvailability" time="0.895"/>
  <testcase classname="testScenario.Global_IT" name="verifyAwardsAvailability" time="0.165"/>
  <testcase classname="testScenario.Global_IT" name="displayNewsCount" time="0.059"/>
  <testcase classname="testScenario.Global_IT" name="validateNewsHeaderAndTooltip" time="0.226"/>
  <testcase classname="testScenario.Global_IT" name="displayAwards" time="35.345"/>
  <testcase classname="testScenario.Global_IT" name="displayAwards" time="35.867"/>
  <testcase classname="testScenario.Global_IT" name="displayAwards" time="35.894"/>
</testsuite> <!-- Test search in Chrome -->
