<?xml version="1.0" encoding="UTF-8"?>
<testng-results ignored="0" total="30" passed="30" failed="0" skipped="0">
  <reporter-output>
  </reporter-output>
  <suite started-at="2024-04-04T22:44:37 IST" name="Suite" finished-at="2024-04-04T22:52:32 IST" duration-ms="475192">
    <groups>
    </groups>
    <test started-at="2024-04-04T22:44:37 IST" name="Test search in Chrome" finished-at="2024-04-04T22:48:21 IST" duration-ms="223592">
      <class name="testScenario.Global_IT">
        <test-method is-config="true" signature="driverConfig(java.lang.String)[pri:0, instance:testScenario.Global_IT@7b94089b]" started-at="2024-04-04T22:44:37 IST" name="driverConfig" finished-at="2024-04-04T22:44:46 IST" duration-ms="8406" status="PASS">
          <params>
            <param index="0">
              <value>
                <![CDATA[Chrome]]>
              </value>
            </param>
          </params>
          <reporter-output>
          </reporter-output>
        </test-method> <!-- driverConfig -->
        <test-method signature="captureUserInfo()[pri:0, instance:testScenario.Global_IT@7b94089b]" started-at="2024-04-04T22:44:46 IST" name="captureUserInfo" finished-at="2024-04-04T22:45:37 IST" duration-ms="51640" status="PASS">
          <reporter-output>
          </reporter-output>
        </test-method> <!-- captureUserInfo -->
        <test-method is-config="true" signature="getResult(org.testng.ITestResult)[pri:0, instance:testScenario.Global_IT@7b94089b]" started-at="2024-04-04T22:45:37 IST" name="getResult" finished-at="2024-04-04T22:45:38 IST" duration-ms="359" status="PASS">
          <params>
            <param index="0">
              <value>
                <![CDATA[[TestResult name=captureUserInfo status=SUCCESS method=Global_IT.captureUserInfo()[pri:0, instance:testScenario.Global_IT@7b94089b] output={null}]]]>
              </value>
            </param>
          </params>
          <reporter-output>
          </reporter-output>
        </test-method> <!-- getResult -->
        <test-method is-config="true" signature="endReport()[pri:0, instance:testScenario.Global_IT@7b94089b]" started-at="2024-04-04T22:45:38 IST" name="endReport" finished-at="2024-04-04T22:45:38 IST" depends-on-methods="testScenario.Global_IT.getResult" duration-ms="343" status="PASS">
          <reporter-output>
          </reporter-output>
        </test-method> <!-- endReport -->
        <test-method signature="clickOnIT()[pri:1, instance:testScenario.Global_IT@7b94089b]" started-at="2024-04-04T22:45:38 IST" name="clickOnIT" finished-at="2024-04-04T22:45:44 IST" duration-ms="5528" status="PASS">
          <reporter-output>
          </reporter-output>
        </test-method> <!-- clickOnIT -->
        <test-method is-config="true" signature="getResult(org.testng.ITestResult)[pri:0, instance:testScenario.Global_IT@7b94089b]" started-at="2024-04-04T22:45:44 IST" name="getResult" finished-at="2024-04-04T22:45:46 IST" duration-ms="2898" status="PASS">
          <params>
            <param index="0">
              <value>
                <![CDATA[[TestResult name=clickOnIT status=SUCCESS method=Global_IT.clickOnIT()[pri:1, instance:testScenario.Global_IT@7b94089b] output={null}]]]>
              </value>
            </param>
          </params>
          <reporter-output>
          </reporter-output>
        </test-method> <!-- getResult -->
        <test-method is-config="true" signature="endReport()[pri:0, instance:testScenario.Global_IT@7b94089b]" started-at="2024-04-04T22:45:46 IST" name="endReport" finished-at="2024-04-04T22:45:47 IST" depends-on-methods="testScenario.Global_IT.getResult" duration-ms="62" status="PASS">
          <reporter-output>
          </reporter-output>
        </test-method> <!-- endReport -->
        <test-method signature="exploreApps()[pri:2, instance:testScenario.Global_IT@7b94089b]" started-at="2024-04-04T22:45:47 IST" name="exploreApps" finished-at="2024-04-04T22:46:19 IST" duration-ms="32266" status="PASS">
          <reporter-output>
          </reporter-output>
        </test-method> <!-- exploreApps -->
        <test-method is-config="true" signature="getResult(org.testng.ITestResult)[pri:0, instance:testScenario.Global_IT@7b94089b]" started-at="2024-04-04T22:46:19 IST" name="getResult" finished-at="2024-04-04T22:46:19 IST" duration-ms="118" status="PASS">
          <params>
            <param index="0">
              <value>
                <![CDATA[[TestResult name=exploreApps status=SUCCESS method=Global_IT.exploreApps()[pri:2, instance:testScenario.Global_IT@7b94089b] output={null}]]]>
              </value>
            </param>
          </params>
          <reporter-output>
          </reporter-output>
        </test-method> <!-- getResult -->
        <test-method is-config="true" signature="endReport()[pri:0, instance:testScenario.Global_IT@7b94089b]" started-at="2024-04-04T22:46:19 IST" name="endReport" finished-at="2024-04-04T22:46:19 IST" depends-on-methods="testScenario.Global_IT.getResult" duration-ms="18" status="PASS">
          <reporter-output>
          </reporter-output>
        </test-method> <!-- endReport -->
        <test-method signature="validateApps(java.lang.String,java.lang.String)[pri:3, instance:testScenario.Global_IT@7b94089b]" started-at="2024-04-04T22:46:19 IST" name="validateApps" data-provider="titles" finished-at="2024-04-04T22:46:19 IST" duration-ms="4" status="PASS">
          <params>
            <param index="0">
              <value>
                <![CDATA[IT Outage Alert]]>
              </value>
            </param>
            <param index="1">
              <value>
                <![CDATA[IT Outage Alerts]]>
              </value>
            </param>
          </params>
          <reporter-output>
          </reporter-output>
        </test-method> <!-- validateApps -->
        <test-method is-config="true" signature="getResult(org.testng.ITestResult)[pri:0, instance:testScenario.Global_IT@7b94089b]" started-at="2024-04-04T22:46:19 IST" name="getResult" finished-at="2024-04-04T22:46:19 IST" duration-ms="148" status="PASS">
          <params>
            <param index="0">
              <value>
                <![CDATA[[TestResult name=validateApps status=SUCCESS method=Global_IT.validateApps(java.lang.String,java.lang.String)[pri:3, instance:testScenario.Global_IT@7b94089b] output={null}]]]>
              </value>
            </param>
          </params>
          <reporter-output>
          </reporter-output>
        </test-method> <!-- getResult -->
        <test-method is-config="true" signature="endReport()[pri:0, instance:testScenario.Global_IT@7b94089b]" started-at="2024-04-04T22:46:19 IST" name="endReport" finished-at="2024-04-04T22:46:19 IST" depends-on-methods="testScenario.Global_IT.getResult" duration-ms="7" status="PASS">
          <reporter-output>
          </reporter-output>
        </test-method> <!-- endReport -->
        <test-method signature="validateApps(java.lang.String,java.lang.String)[pri:3, instance:testScenario.Global_IT@7b94089b]" started-at="2024-04-04T22:46:19 IST" name="validateApps" data-provider="titles" finished-at="2024-04-04T22:46:19 IST" duration-ms="1" status="PASS">
          <params>
            <param index="0">
              <value>
                <![CDATA[Microsoft Teams]]>
              </value>
            </param>
            <param index="1">
              <value>
                <![CDATA[Microsoft Teams]]>
              </value>
            </param>
          </params>
          <reporter-output>
          </reporter-output>
        </test-method> <!-- validateApps -->
        <test-method is-config="true" signature="getResult(org.testng.ITestResult)[pri:0, instance:testScenario.Global_IT@7b94089b]" started-at="2024-04-04T22:46:19 IST" name="getResult" finished-at="2024-04-04T22:46:19 IST" duration-ms="138" status="PASS">
          <params>
            <param index="0">
              <value>
                <![CDATA[[TestResult name=validateApps status=SUCCESS method=Global_IT.validateApps(java.lang.String,java.lang.String)[pri:3, instance:testScenario.Global_IT@7b94089b] output={null}]]]>
              </value>
            </param>
          </params>
          <reporter-output>
          </reporter-output>
        </test-method> <!-- getResult -->
        <test-method is-config="true" signature="endReport()[pri:0, instance:testScenario.Global_IT@7b94089b]" started-at="2024-04-04T22:46:19 IST" name="endReport" finished-at="2024-04-04T22:46:19 IST" depends-on-methods="testScenario.Global_IT.getResult" duration-ms="6" status="PASS">
          <reporter-output>
          </reporter-output>
        </test-method> <!-- endReport -->
        <test-method signature="validateApps(java.lang.String,java.lang.String)[pri:3, instance:testScenario.Global_IT@7b94089b]" started-at="2024-04-04T22:46:19 IST" name="validateApps" data-provider="titles" finished-at="2024-04-04T22:46:19 IST" duration-ms="1" status="PASS">
          <params>
            <param index="0">
              <value>
                <![CDATA[One Drive]]>
              </value>
            </param>
            <param index="1">
              <value>
                <![CDATA[One Drive]]>
              </value>
            </param>
          </params>
          <reporter-output>
          </reporter-output>
        </test-method> <!-- validateApps -->
        <test-method is-config="true" signature="getResult(org.testng.ITestResult)[pri:0, instance:testScenario.Global_IT@7b94089b]" started-at="2024-04-04T22:46:19 IST" name="getResult" finished-at="2024-04-04T22:46:20 IST" duration-ms="141" status="PASS">
          <params>
            <param index="0">
              <value>
                <![CDATA[[TestResult name=validateApps status=SUCCESS method=Global_IT.validateApps(java.lang.String,java.lang.String)[pri:3, instance:testScenario.Global_IT@7b94089b] output={null}]]]>
              </value>
            </param>
          </params>
          <reporter-output>
          </reporter-output>
        </test-method> <!-- getResult -->
        <test-method is-config="true" signature="endReport()[pri:0, instance:testScenario.Global_IT@7b94089b]" started-at="2024-04-04T22:46:20 IST" name="endReport" finished-at="2024-04-04T22:46:20 IST" depends-on-methods="testScenario.Global_IT.getResult" duration-ms="8" status="PASS">
          <reporter-output>
          </reporter-output>
        </test-method> <!-- endReport -->
        <test-method signature="validateApps(java.lang.String,java.lang.String)[pri:3, instance:testScenario.Global_IT@7b94089b]" started-at="2024-04-04T22:46:20 IST" name="validateApps" data-provider="titles" finished-at="2024-04-04T22:46:20 IST" duration-ms="2" status="PASS">
          <params>
            <param index="0">
              <value>
                <![CDATA[Global IT Internal Events]]>
              </value>
            </param>
            <param index="1">
              <value>
                <![CDATA[Global IT Internal Events]]>
              </value>
            </param>
          </params>
          <reporter-output>
          </reporter-output>
        </test-method> <!-- validateApps -->
        <test-method is-config="true" signature="getResult(org.testng.ITestResult)[pri:0, instance:testScenario.Global_IT@7b94089b]" started-at="2024-04-04T22:46:20 IST" name="getResult" finished-at="2024-04-04T22:46:20 IST" duration-ms="135" status="PASS">
          <params>
            <param index="0">
              <value>
                <![CDATA[[TestResult name=validateApps status=SUCCESS method=Global_IT.validateApps(java.lang.String,java.lang.String)[pri:3, instance:testScenario.Global_IT@7b94089b] output={null}]]]>
              </value>
            </param>
          </params>
          <reporter-output>
          </reporter-output>
        </test-method> <!-- getResult -->
        <test-method is-config="true" signature="endReport()[pri:0, instance:testScenario.Global_IT@7b94089b]" started-at="2024-04-04T22:46:20 IST" name="endReport" finished-at="2024-04-04T22:46:20 IST" depends-on-methods="testScenario.Global_IT.getResult" duration-ms="4" status="PASS">
          <reporter-output>
          </reporter-output>
        </test-method> <!-- endReport -->
        <test-method signature="validateApps(java.lang.String,java.lang.String)[pri:3, instance:testScenario.Global_IT@7b94089b]" started-at="2024-04-04T22:46:20 IST" name="validateApps" data-provider="titles" finished-at="2024-04-04T22:46:20 IST" duration-ms="0" status="PASS">
          <params>
            <param index="0">
              <value>
                <![CDATA[Global Information Technology Documents]]>
              </value>
            </param>
            <param index="1">
              <value>
                <![CDATA[S&T Policy Hub]]>
              </value>
            </param>
          </params>
          <reporter-output>
          </reporter-output>
        </test-method> <!-- validateApps -->
        <test-method is-config="true" signature="getResult(org.testng.ITestResult)[pri:0, instance:testScenario.Global_IT@7b94089b]" started-at="2024-04-04T22:46:20 IST" name="getResult" finished-at="2024-04-04T22:46:20 IST" duration-ms="239" status="PASS">
          <params>
            <param index="0">
              <value>
                <![CDATA[[TestResult name=validateApps status=SUCCESS method=Global_IT.validateApps(java.lang.String,java.lang.String)[pri:3, instance:testScenario.Global_IT@7b94089b] output={null}]]]>
              </value>
            </param>
          </params>
          <reporter-output>
          </reporter-output>
        </test-method> <!-- getResult -->
        <test-method is-config="true" signature="endReport()[pri:0, instance:testScenario.Global_IT@7b94089b]" started-at="2024-04-04T22:46:20 IST" name="endReport" finished-at="2024-04-04T22:46:20 IST" depends-on-methods="testScenario.Global_IT.getResult" duration-ms="12" status="PASS">
          <reporter-output>
          </reporter-output>
        </test-method> <!-- endReport -->
        <test-method signature="verifyNewsAvailability()[pri:4, instance:testScenario.Global_IT@7b94089b]" started-at="2024-04-04T22:46:20 IST" name="verifyNewsAvailability" finished-at="2024-04-04T22:46:21 IST" duration-ms="895" status="PASS">
          <reporter-output>
          </reporter-output>
        </test-method> <!-- verifyNewsAvailability -->
        <test-method is-config="true" signature="getResult(org.testng.ITestResult)[pri:0, instance:testScenario.Global_IT@7b94089b]" started-at="2024-04-04T22:46:21 IST" name="getResult" finished-at="2024-04-04T22:46:21 IST" duration-ms="230" status="PASS">
          <params>
            <param index="0">
              <value>
                <![CDATA[[TestResult name=verifyNewsAvailability status=SUCCESS method=Global_IT.verifyNewsAvailability()[pri:4, instance:testScenario.Global_IT@7b94089b] output={null}]]]>
              </value>
            </param>
          </params>
          <reporter-output>
          </reporter-output>
        </test-method> <!-- getResult -->
        <test-method is-config="true" signature="endReport()[pri:0, instance:testScenario.Global_IT@7b94089b]" started-at="2024-04-04T22:46:21 IST" name="endReport" finished-at="2024-04-04T22:46:21 IST" depends-on-methods="testScenario.Global_IT.getResult" duration-ms="11" status="PASS">
          <reporter-output>
          </reporter-output>
        </test-method> <!-- endReport -->
        <test-method signature="verifyAwardsAvailability()[pri:5, instance:testScenario.Global_IT@7b94089b]" started-at="2024-04-04T22:46:21 IST" name="verifyAwardsAvailability" finished-at="2024-04-04T22:46:21 IST" duration-ms="165" status="PASS">
          <reporter-output>
          </reporter-output>
        </test-method> <!-- verifyAwardsAvailability -->
        <test-method is-config="true" signature="getResult(org.testng.ITestResult)[pri:0, instance:testScenario.Global_IT@7b94089b]" started-at="2024-04-04T22:46:21 IST" name="getResult" finished-at="2024-04-04T22:46:21 IST" duration-ms="117" status="PASS">
          <params>
            <param index="0">
              <value>
                <![CDATA[[TestResult name=verifyAwardsAvailability status=SUCCESS method=Global_IT.verifyAwardsAvailability()[pri:5, instance:testScenario.Global_IT@7b94089b] output={null}]]]>
              </value>
            </param>
          </params>
          <reporter-output>
          </reporter-output>
        </test-method> <!-- getResult -->
        <test-method is-config="true" signature="endReport()[pri:0, instance:testScenario.Global_IT@7b94089b]" started-at="2024-04-04T22:46:21 IST" name="endReport" finished-at="2024-04-04T22:46:21 IST" depends-on-methods="testScenario.Global_IT.getResult" duration-ms="5" status="PASS">
          <reporter-output>
          </reporter-output>
        </test-method> <!-- endReport -->
        <test-method signature="displayNewsCount()[pri:6, instance:testScenario.Global_IT@7b94089b]" started-at="2024-04-04T22:46:21 IST" name="displayNewsCount" finished-at="2024-04-04T22:46:21 IST" duration-ms="59" status="PASS">
          <reporter-output>
          </reporter-output>
        </test-method> <!-- displayNewsCount -->
        <test-method is-config="true" signature="getResult(org.testng.ITestResult)[pri:0, instance:testScenario.Global_IT@7b94089b]" started-at="2024-04-04T22:46:21 IST" name="getResult" finished-at="2024-04-04T22:46:22 IST" duration-ms="177" status="PASS">
          <params>
            <param index="0">
              <value>
                <![CDATA[[TestResult name=displayNewsCount status=SUCCESS method=Global_IT.displayNewsCount()[pri:6, instance:testScenario.Global_IT@7b94089b] output={null}]]]>
              </value>
            </param>
          </params>
          <reporter-output>
          </reporter-output>
        </test-method> <!-- getResult -->
        <test-method is-config="true" signature="endReport()[pri:0, instance:testScenario.Global_IT@7b94089b]" started-at="2024-04-04T22:46:22 IST" name="endReport" finished-at="2024-04-04T22:46:22 IST" depends-on-methods="testScenario.Global_IT.getResult" duration-ms="6" status="PASS">
          <reporter-output>
          </reporter-output>
        </test-method> <!-- endReport -->
        <test-method signature="validateNewsHeaderAndTooltip()[pri:7, instance:testScenario.Global_IT@7b94089b]" started-at="2024-04-04T22:46:22 IST" name="validateNewsHeaderAndTooltip" finished-at="2024-04-04T22:46:22 IST" duration-ms="226" status="PASS">
          <reporter-output>
          </reporter-output>
        </test-method> <!-- validateNewsHeaderAndTooltip -->
        <test-method is-config="true" signature="getResult(org.testng.ITestResult)[pri:0, instance:testScenario.Global_IT@7b94089b]" started-at="2024-04-04T22:46:22 IST" name="getResult" finished-at="2024-04-04T22:46:22 IST" duration-ms="174" status="PASS">
          <params>
            <param index="0">
              <value>
                <![CDATA[[TestResult name=validateNewsHeaderAndTooltip status=SUCCESS method=Global_IT.validateNewsHeaderAndTooltip()[pri:7, instance:testScenario.Global_IT@7b94089b] output={null}]]]>
              </value>
            </param>
          </params>
          <reporter-output>
          </reporter-output>
        </test-method> <!-- getResult -->
        <test-method is-config="true" signature="endReport()[pri:0, instance:testScenario.Global_IT@7b94089b]" started-at="2024-04-04T22:46:22 IST" name="endReport" finished-at="2024-04-04T22:46:22 IST" depends-on-methods="testScenario.Global_IT.getResult" duration-ms="6" status="PASS">
          <reporter-output>
          </reporter-output>
        </test-method> <!-- endReport -->
        <test-method signature="displayAwards(java.lang.String)[pri:8, instance:testScenario.Global_IT@7b94089b]" started-at="2024-04-04T22:46:22 IST" name="displayAwards" data-provider="awards" finished-at="2024-04-04T22:46:57 IST" duration-ms="35345" status="PASS">
          <params>
            <param index="0">
              <value>
                <![CDATA[Rishabh Raj becomes EC Council Disaster Recovery Professional]]>
              </value>
            </param>
          </params>
          <reporter-output>
          </reporter-output>
        </test-method> <!-- displayAwards -->
        <test-method is-config="true" signature="getResult(org.testng.ITestResult)[pri:0, instance:testScenario.Global_IT@7b94089b]" started-at="2024-04-04T22:46:57 IST" name="getResult" finished-at="2024-04-04T22:46:58 IST" duration-ms="136" status="PASS">
          <params>
            <param index="0">
              <value>
                <![CDATA[[TestResult name=displayAwards status=SUCCESS method=Global_IT.displayAwards(java.lang.String)[pri:8, instance:testScenario.Global_IT@7b94089b] output={null}]]]>
              </value>
            </param>
          </params>
          <reporter-output>
          </reporter-output>
        </test-method> <!-- getResult -->
        <test-method is-config="true" signature="endReport()[pri:0, instance:testScenario.Global_IT@7b94089b]" started-at="2024-04-04T22:46:58 IST" name="endReport" finished-at="2024-04-04T22:46:58 IST" depends-on-methods="testScenario.Global_IT.getResult" duration-ms="12" status="PASS">
          <reporter-output>
          </reporter-output>
        </test-method> <!-- endReport -->
        <test-method signature="displayAwards(java.lang.String)[pri:8, instance:testScenario.Global_IT@7b94089b]" started-at="2024-04-04T22:46:58 IST" name="displayAwards" data-provider="awards" finished-at="2024-04-04T22:47:33 IST" duration-ms="35867" status="PASS">
          <params>
            <param index="0">
              <value>
                <![CDATA[IT Team Wins Two Awards at the DevOps India Summit 2023]]>
              </value>
            </param>
          </params>
          <reporter-output>
          </reporter-output>
        </test-method> <!-- displayAwards -->
        <test-method is-config="true" signature="getResult(org.testng.ITestResult)[pri:0, instance:testScenario.Global_IT@7b94089b]" started-at="2024-04-04T22:47:33 IST" name="getResult" finished-at="2024-04-04T22:47:34 IST" duration-ms="155" status="PASS">
          <params>
            <param index="0">
              <value>
                <![CDATA[[TestResult name=displayAwards status=SUCCESS method=Global_IT.displayAwards(java.lang.String)[pri:8, instance:testScenario.Global_IT@7b94089b] output={null}]]]>
              </value>
            </param>
          </params>
          <reporter-output>
          </reporter-output>
        </test-method> <!-- getResult -->
        <test-method is-config="true" signature="endReport()[pri:0, instance:testScenario.Global_IT@7b94089b]" started-at="2024-04-04T22:47:34 IST" name="endReport" finished-at="2024-04-04T22:47:34 IST" depends-on-methods="testScenario.Global_IT.getResult" duration-ms="25" status="PASS">
          <reporter-output>
          </reporter-output>
        </test-method> <!-- endReport -->
        <test-method signature="displayAwards(java.lang.String)[pri:8, instance:testScenario.Global_IT@7b94089b]" started-at="2024-04-04T22:47:34 IST" name="displayAwards" data-provider="awards" finished-at="2024-04-04T22:48:10 IST" duration-ms="35894" status="PASS">
          <params>
            <param index="0">
              <value>
                <![CDATA[CInsights Wins the Prestigious Brandon Hall Award]]>
              </value>
            </param>
          </params>
          <reporter-output>
          </reporter-output>
        </test-method> <!-- displayAwards -->
        <test-method is-config="true" signature="getResult(org.testng.ITestResult)[pri:0, instance:testScenario.Global_IT@7b94089b]" started-at="2024-04-04T22:48:10 IST" name="getResult" finished-at="2024-04-04T22:48:10 IST" duration-ms="133" status="PASS">
          <params>
            <param index="0">
              <value>
                <![CDATA[[TestResult name=displayAwards status=SUCCESS method=Global_IT.displayAwards(java.lang.String)[pri:8, instance:testScenario.Global_IT@7b94089b] output={null}]]]>
              </value>
            </param>
          </params>
          <reporter-output>
          </reporter-output>
        </test-method> <!-- getResult -->
        <test-method is-config="true" signature="endReport()[pri:0, instance:testScenario.Global_IT@7b94089b]" started-at="2024-04-04T22:48:10 IST" name="endReport" finished-at="2024-04-04T22:48:10 IST" depends-on-methods="testScenario.Global_IT.getResult" duration-ms="13" status="PASS">
          <reporter-output>
          </reporter-output>
        </test-method> <!-- endReport -->
        <test-method is-config="true" signature="closeBrowser()[pri:0, instance:testScenario.Global_IT@7b94089b]" started-at="2024-04-04T22:48:10 IST" name="closeBrowser" finished-at="2024-04-04T22:48:21 IST" duration-ms="11118" status="PASS">
          <reporter-output>
          </reporter-output>
        </test-method> <!-- closeBrowser -->
      </class> <!-- testScenario.Global_IT -->
    </test> <!-- Test search in Chrome -->
    <test started-at="2024-04-04T22:48:21 IST" name="Test search in Edge" finished-at="2024-04-04T22:52:32 IST" duration-ms="251578">
      <class name="testScenario.Global_IT">
        <test-method is-config="true" signature="driverConfig(java.lang.String)[pri:0, instance:testScenario.Global_IT@149dd36b]" started-at="2024-04-04T22:48:21 IST" name="driverConfig" finished-at="2024-04-04T22:48:31 IST" duration-ms="10336" status="PASS">
          <params>
            <param index="0">
              <value>
                <![CDATA[Edge]]>
              </value>
            </param>
          </params>
          <reporter-output>
          </reporter-output>
        </test-method> <!-- driverConfig -->
        <test-method signature="captureUserInfo()[pri:0, instance:testScenario.Global_IT@149dd36b]" started-at="2024-04-04T22:48:31 IST" name="captureUserInfo" finished-at="2024-04-04T22:49:22 IST" duration-ms="50432" status="PASS">
          <reporter-output>
          </reporter-output>
        </test-method> <!-- captureUserInfo -->
        <test-method is-config="true" signature="getResult(org.testng.ITestResult)[pri:0, instance:testScenario.Global_IT@149dd36b]" started-at="2024-04-04T22:49:22 IST" name="getResult" finished-at="2024-04-04T22:49:22 IST" duration-ms="342" status="PASS">
          <params>
            <param index="0">
              <value>
                <![CDATA[[TestResult name=captureUserInfo status=SUCCESS method=Global_IT.captureUserInfo()[pri:0, instance:testScenario.Global_IT@149dd36b] output={null}]]]>
              </value>
            </param>
          </params>
          <reporter-output>
          </reporter-output>
        </test-method> <!-- getResult -->
        <test-method is-config="true" signature="endReport()[pri:0, instance:testScenario.Global_IT@149dd36b]" started-at="2024-04-04T22:49:22 IST" name="endReport" finished-at="2024-04-04T22:49:22 IST" depends-on-methods="testScenario.Global_IT.getResult" duration-ms="50" status="PASS">
          <reporter-output>
          </reporter-output>
        </test-method> <!-- endReport -->
        <test-method signature="clickOnIT()[pri:1, instance:testScenario.Global_IT@149dd36b]" started-at="2024-04-04T22:49:22 IST" name="clickOnIT" finished-at="2024-04-04T22:49:37 IST" duration-ms="15424" status="PASS">
          <reporter-output>
          </reporter-output>
        </test-method> <!-- clickOnIT -->
        <test-method is-config="true" signature="getResult(org.testng.ITestResult)[pri:0, instance:testScenario.Global_IT@149dd36b]" started-at="2024-04-04T22:49:37 IST" name="getResult" finished-at="2024-04-04T22:49:40 IST" duration-ms="2667" status="PASS">
          <params>
            <param index="0">
              <value>
                <![CDATA[[TestResult name=clickOnIT status=SUCCESS method=Global_IT.clickOnIT()[pri:1, instance:testScenario.Global_IT@149dd36b] output={null}]]]>
              </value>
            </param>
          </params>
          <reporter-output>
          </reporter-output>
        </test-method> <!-- getResult -->
        <test-method is-config="true" signature="endReport()[pri:0, instance:testScenario.Global_IT@149dd36b]" started-at="2024-04-04T22:49:40 IST" name="endReport" finished-at="2024-04-04T22:49:40 IST" depends-on-methods="testScenario.Global_IT.getResult" duration-ms="13" status="PASS">
          <reporter-output>
          </reporter-output>
        </test-method> <!-- endReport -->
        <test-method signature="exploreApps()[pri:2, instance:testScenario.Global_IT@149dd36b]" started-at="2024-04-04T22:49:40 IST" name="exploreApps" finished-at="2024-04-04T22:50:11 IST" duration-ms="31109" status="PASS">
          <reporter-output>
          </reporter-output>
        </test-method> <!-- exploreApps -->
        <test-method is-config="true" signature="getResult(org.testng.ITestResult)[pri:0, instance:testScenario.Global_IT@149dd36b]" started-at="2024-04-04T22:50:11 IST" name="getResult" finished-at="2024-04-04T22:50:11 IST" duration-ms="151" status="PASS">
          <params>
            <param index="0">
              <value>
                <![CDATA[[TestResult name=exploreApps status=SUCCESS method=Global_IT.exploreApps()[pri:2, instance:testScenario.Global_IT@149dd36b] output={null}]]]>
              </value>
            </param>
          </params>
          <reporter-output>
          </reporter-output>
        </test-method> <!-- getResult -->
        <test-method is-config="true" signature="endReport()[pri:0, instance:testScenario.Global_IT@149dd36b]" started-at="2024-04-04T22:50:11 IST" name="endReport" finished-at="2024-04-04T22:50:11 IST" depends-on-methods="testScenario.Global_IT.getResult" duration-ms="9" status="PASS">
          <reporter-output>
          </reporter-output>
        </test-method> <!-- endReport -->
        <test-method signature="validateApps(java.lang.String,java.lang.String)[pri:3, instance:testScenario.Global_IT@149dd36b]" started-at="2024-04-04T22:50:11 IST" name="validateApps" data-provider="titles" finished-at="2024-04-04T22:50:11 IST" duration-ms="0" status="PASS">
          <params>
            <param index="0">
              <value>
                <![CDATA[IT Outage Alert]]>
              </value>
            </param>
            <param index="1">
              <value>
                <![CDATA[IT Outage Alerts]]>
              </value>
            </param>
          </params>
          <reporter-output>
          </reporter-output>
        </test-method> <!-- validateApps -->
        <test-method is-config="true" signature="getResult(org.testng.ITestResult)[pri:0, instance:testScenario.Global_IT@149dd36b]" started-at="2024-04-04T22:50:11 IST" name="getResult" finished-at="2024-04-04T22:50:12 IST" duration-ms="130" status="PASS">
          <params>
            <param index="0">
              <value>
                <![CDATA[[TestResult name=validateApps status=SUCCESS method=Global_IT.validateApps(java.lang.String,java.lang.String)[pri:3, instance:testScenario.Global_IT@149dd36b] output={null}]]]>
              </value>
            </param>
          </params>
          <reporter-output>
          </reporter-output>
        </test-method> <!-- getResult -->
        <test-method is-config="true" signature="endReport()[pri:0, instance:testScenario.Global_IT@149dd36b]" started-at="2024-04-04T22:50:12 IST" name="endReport" finished-at="2024-04-04T22:50:12 IST" depends-on-methods="testScenario.Global_IT.getResult" duration-ms="2" status="PASS">
          <reporter-output>
          </reporter-output>
        </test-method> <!-- endReport -->
        <test-method signature="validateApps(java.lang.String,java.lang.String)[pri:3, instance:testScenario.Global_IT@149dd36b]" started-at="2024-04-04T22:50:12 IST" name="validateApps" data-provider="titles" finished-at="2024-04-04T22:50:12 IST" duration-ms="1" status="PASS">
          <params>
            <param index="0">
              <value>
                <![CDATA[Microsoft Teams]]>
              </value>
            </param>
            <param index="1">
              <value>
                <![CDATA[Microsoft Teams]]>
              </value>
            </param>
          </params>
          <reporter-output>
          </reporter-output>
        </test-method> <!-- validateApps -->
        <test-method is-config="true" signature="getResult(org.testng.ITestResult)[pri:0, instance:testScenario.Global_IT@149dd36b]" started-at="2024-04-04T22:50:12 IST" name="getResult" finished-at="2024-04-04T22:50:12 IST" duration-ms="149" status="PASS">
          <params>
            <param index="0">
              <value>
                <![CDATA[[TestResult name=validateApps status=SUCCESS method=Global_IT.validateApps(java.lang.String,java.lang.String)[pri:3, instance:testScenario.Global_IT@149dd36b] output={null}]]]>
              </value>
            </param>
          </params>
          <reporter-output>
          </reporter-output>
        </test-method> <!-- getResult -->
        <test-method is-config="true" signature="endReport()[pri:0, instance:testScenario.Global_IT@149dd36b]" started-at="2024-04-04T22:50:12 IST" name="endReport" finished-at="2024-04-04T22:50:12 IST" depends-on-methods="testScenario.Global_IT.getResult" duration-ms="4" status="PASS">
          <reporter-output>
          </reporter-output>
        </test-method> <!-- endReport -->
        <test-method signature="validateApps(java.lang.String,java.lang.String)[pri:3, instance:testScenario.Global_IT@149dd36b]" started-at="2024-04-04T22:50:12 IST" name="validateApps" data-provider="titles" finished-at="2024-04-04T22:50:12 IST" duration-ms="2" status="PASS">
          <params>
            <param index="0">
              <value>
                <![CDATA[One Drive]]>
              </value>
            </param>
            <param index="1">
              <value>
                <![CDATA[One Drive]]>
              </value>
            </param>
          </params>
          <reporter-output>
          </reporter-output>
        </test-method> <!-- validateApps -->
        <test-method is-config="true" signature="getResult(org.testng.ITestResult)[pri:0, instance:testScenario.Global_IT@149dd36b]" started-at="2024-04-04T22:50:12 IST" name="getResult" finished-at="2024-04-04T22:50:12 IST" duration-ms="281" status="PASS">
          <params>
            <param index="0">
              <value>
                <![CDATA[[TestResult name=validateApps status=SUCCESS method=Global_IT.validateApps(java.lang.String,java.lang.String)[pri:3, instance:testScenario.Global_IT@149dd36b] output={null}]]]>
              </value>
            </param>
          </params>
          <reporter-output>
          </reporter-output>
        </test-method> <!-- getResult -->
        <test-method is-config="true" signature="endReport()[pri:0, instance:testScenario.Global_IT@149dd36b]" started-at="2024-04-04T22:50:12 IST" name="endReport" finished-at="2024-04-04T22:50:12 IST" depends-on-methods="testScenario.Global_IT.getResult" duration-ms="3" status="PASS">
          <reporter-output>
          </reporter-output>
        </test-method> <!-- endReport -->
        <test-method signature="validateApps(java.lang.String,java.lang.String)[pri:3, instance:testScenario.Global_IT@149dd36b]" started-at="2024-04-04T22:50:12 IST" name="validateApps" data-provider="titles" finished-at="2024-04-04T22:50:12 IST" duration-ms="1" status="PASS">
          <params>
            <param index="0">
              <value>
                <![CDATA[Global IT Internal Events]]>
              </value>
            </param>
            <param index="1">
              <value>
                <![CDATA[Global IT Internal Events]]>
              </value>
            </param>
          </params>
          <reporter-output>
          </reporter-output>
        </test-method> <!-- validateApps -->
        <test-method is-config="true" signature="getResult(org.testng.ITestResult)[pri:0, instance:testScenario.Global_IT@149dd36b]" started-at="2024-04-04T22:50:12 IST" name="getResult" finished-at="2024-04-04T22:50:12 IST" duration-ms="198" status="PASS">
          <params>
            <param index="0">
              <value>
                <![CDATA[[TestResult name=validateApps status=SUCCESS method=Global_IT.validateApps(java.lang.String,java.lang.String)[pri:3, instance:testScenario.Global_IT@149dd36b] output={null}]]]>
              </value>
            </param>
          </params>
          <reporter-output>
          </reporter-output>
        </test-method> <!-- getResult -->
        <test-method is-config="true" signature="endReport()[pri:0, instance:testScenario.Global_IT@149dd36b]" started-at="2024-04-04T22:50:12 IST" name="endReport" finished-at="2024-04-04T22:50:12 IST" depends-on-methods="testScenario.Global_IT.getResult" duration-ms="4" status="PASS">
          <reporter-output>
          </reporter-output>
        </test-method> <!-- endReport -->
        <test-method signature="validateApps(java.lang.String,java.lang.String)[pri:3, instance:testScenario.Global_IT@149dd36b]" started-at="2024-04-04T22:50:12 IST" name="validateApps" data-provider="titles" finished-at="2024-04-04T22:50:12 IST" duration-ms="1" status="PASS">
          <params>
            <param index="0">
              <value>
                <![CDATA[Global Information Technology Documents]]>
              </value>
            </param>
            <param index="1">
              <value>
                <![CDATA[S&T Policy Hub]]>
              </value>
            </param>
          </params>
          <reporter-output>
          </reporter-output>
        </test-method> <!-- validateApps -->
        <test-method is-config="true" signature="getResult(org.testng.ITestResult)[pri:0, instance:testScenario.Global_IT@149dd36b]" started-at="2024-04-04T22:50:12 IST" name="getResult" finished-at="2024-04-04T22:50:12 IST" duration-ms="152" status="PASS">
          <params>
            <param index="0">
              <value>
                <![CDATA[[TestResult name=validateApps status=SUCCESS method=Global_IT.validateApps(java.lang.String,java.lang.String)[pri:3, instance:testScenario.Global_IT@149dd36b] output={null}]]]>
              </value>
            </param>
          </params>
          <reporter-output>
          </reporter-output>
        </test-method> <!-- getResult -->
        <test-method is-config="true" signature="endReport()[pri:0, instance:testScenario.Global_IT@149dd36b]" started-at="2024-04-04T22:50:12 IST" name="endReport" finished-at="2024-04-04T22:50:12 IST" depends-on-methods="testScenario.Global_IT.getResult" duration-ms="3" status="PASS">
          <reporter-output>
          </reporter-output>
        </test-method> <!-- endReport -->
        <test-method signature="verifyNewsAvailability()[pri:4, instance:testScenario.Global_IT@149dd36b]" started-at="2024-04-04T22:50:12 IST" name="verifyNewsAvailability" finished-at="2024-04-04T22:50:13 IST" duration-ms="834" status="PASS">
          <reporter-output>
          </reporter-output>
        </test-method> <!-- verifyNewsAvailability -->
        <test-method is-config="true" signature="getResult(org.testng.ITestResult)[pri:0, instance:testScenario.Global_IT@149dd36b]" started-at="2024-04-04T22:50:13 IST" name="getResult" finished-at="2024-04-04T22:50:13 IST" duration-ms="255" status="PASS">
          <params>
            <param index="0">
              <value>
                <![CDATA[[TestResult name=verifyNewsAvailability status=SUCCESS method=Global_IT.verifyNewsAvailability()[pri:4, instance:testScenario.Global_IT@149dd36b] output={null}]]]>
              </value>
            </param>
          </params>
          <reporter-output>
          </reporter-output>
        </test-method> <!-- getResult -->
        <test-method is-config="true" signature="endReport()[pri:0, instance:testScenario.Global_IT@149dd36b]" started-at="2024-04-04T22:50:13 IST" name="endReport" finished-at="2024-04-04T22:50:14 IST" depends-on-methods="testScenario.Global_IT.getResult" duration-ms="6" status="PASS">
          <reporter-output>
          </reporter-output>
        </test-method> <!-- endReport -->
        <test-method signature="verifyAwardsAvailability()[pri:5, instance:testScenario.Global_IT@149dd36b]" started-at="2024-04-04T22:50:14 IST" name="verifyAwardsAvailability" finished-at="2024-04-04T22:50:14 IST" duration-ms="151" status="PASS">
          <reporter-output>
          </reporter-output>
        </test-method> <!-- verifyAwardsAvailability -->
        <test-method is-config="true" signature="getResult(org.testng.ITestResult)[pri:0, instance:testScenario.Global_IT@149dd36b]" started-at="2024-04-04T22:50:14 IST" name="getResult" finished-at="2024-04-04T22:50:14 IST" duration-ms="95" status="PASS">
          <params>
            <param index="0">
              <value>
                <![CDATA[[TestResult name=verifyAwardsAvailability status=SUCCESS method=Global_IT.verifyAwardsAvailability()[pri:5, instance:testScenario.Global_IT@149dd36b] output={null}]]]>
              </value>
            </param>
          </params>
          <reporter-output>
          </reporter-output>
        </test-method> <!-- getResult -->
        <test-method is-config="true" signature="endReport()[pri:0, instance:testScenario.Global_IT@149dd36b]" started-at="2024-04-04T22:50:14 IST" name="endReport" finished-at="2024-04-04T22:50:14 IST" depends-on-methods="testScenario.Global_IT.getResult" duration-ms="4" status="PASS">
          <reporter-output>
          </reporter-output>
        </test-method> <!-- endReport -->
        <test-method signature="displayNewsCount()[pri:6, instance:testScenario.Global_IT@149dd36b]" started-at="2024-04-04T22:50:14 IST" name="displayNewsCount" finished-at="2024-04-04T22:50:14 IST" duration-ms="60" status="PASS">
          <reporter-output>
          </reporter-output>
        </test-method> <!-- displayNewsCount -->
        <test-method is-config="true" signature="getResult(org.testng.ITestResult)[pri:0, instance:testScenario.Global_IT@149dd36b]" started-at="2024-04-04T22:50:14 IST" name="getResult" finished-at="2024-04-04T22:50:14 IST" duration-ms="659" status="PASS">
          <params>
            <param index="0">
              <value>
                <![CDATA[[TestResult name=displayNewsCount status=SUCCESS method=Global_IT.displayNewsCount()[pri:6, instance:testScenario.Global_IT@149dd36b] output={null}]]]>
              </value>
            </param>
          </params>
          <reporter-output>
          </reporter-output>
        </test-method> <!-- getResult -->
        <test-method is-config="true" signature="endReport()[pri:0, instance:testScenario.Global_IT@149dd36b]" started-at="2024-04-04T22:50:14 IST" name="endReport" finished-at="2024-04-04T22:50:14 IST" depends-on-methods="testScenario.Global_IT.getResult" duration-ms="3" status="PASS">
          <reporter-output>
          </reporter-output>
        </test-method> <!-- endReport -->
        <test-method signature="validateNewsHeaderAndTooltip()[pri:7, instance:testScenario.Global_IT@149dd36b]" started-at="2024-04-04T22:50:14 IST" name="validateNewsHeaderAndTooltip" finished-at="2024-04-04T22:50:15 IST" duration-ms="183" status="PASS">
          <reporter-output>
          </reporter-output>
        </test-method> <!-- validateNewsHeaderAndTooltip -->
        <test-method is-config="true" signature="getResult(org.testng.ITestResult)[pri:0, instance:testScenario.Global_IT@149dd36b]" started-at="2024-04-04T22:50:15 IST" name="getResult" finished-at="2024-04-04T22:50:15 IST" duration-ms="161" status="PASS">
          <params>
            <param index="0">
              <value>
                <![CDATA[[TestResult name=validateNewsHeaderAndTooltip status=SUCCESS method=Global_IT.validateNewsHeaderAndTooltip()[pri:7, instance:testScenario.Global_IT@149dd36b] output={null}]]]>
              </value>
            </param>
          </params>
          <reporter-output>
          </reporter-output>
        </test-method> <!-- getResult -->
        <test-method is-config="true" signature="endReport()[pri:0, instance:testScenario.Global_IT@149dd36b]" started-at="2024-04-04T22:50:15 IST" name="endReport" finished-at="2024-04-04T22:50:15 IST" depends-on-methods="testScenario.Global_IT.getResult" duration-ms="3" status="PASS">
          <reporter-output>
          </reporter-output>
        </test-method> <!-- endReport -->
        <test-method signature="displayAwards(java.lang.String)[pri:8, instance:testScenario.Global_IT@149dd36b]" started-at="2024-04-04T22:50:15 IST" name="displayAwards" data-provider="awards" finished-at="2024-04-04T22:50:54 IST" duration-ms="39133" status="PASS">
          <params>
            <param index="0">
              <value>
                <![CDATA[Rishabh Raj becomes EC Council Disaster Recovery Professional]]>
              </value>
            </param>
          </params>
          <reporter-output>
          </reporter-output>
        </test-method> <!-- displayAwards -->
        <test-method is-config="true" signature="getResult(org.testng.ITestResult)[pri:0, instance:testScenario.Global_IT@149dd36b]" started-at="2024-04-04T22:50:54 IST" name="getResult" finished-at="2024-04-04T22:50:54 IST" duration-ms="125" status="PASS">
          <params>
            <param index="0">
              <value>
                <![CDATA[[TestResult name=displayAwards status=SUCCESS method=Global_IT.displayAwards(java.lang.String)[pri:8, instance:testScenario.Global_IT@149dd36b] output={null}]]]>
              </value>
            </param>
          </params>
          <reporter-output>
          </reporter-output>
        </test-method> <!-- getResult -->
        <test-method is-config="true" signature="endReport()[pri:0, instance:testScenario.Global_IT@149dd36b]" started-at="2024-04-04T22:50:54 IST" name="endReport" finished-at="2024-04-04T22:50:54 IST" depends-on-methods="testScenario.Global_IT.getResult" duration-ms="12" status="PASS">
          <reporter-output>
          </reporter-output>
        </test-method> <!-- endReport -->
        <test-method signature="displayAwards(java.lang.String)[pri:8, instance:testScenario.Global_IT@149dd36b]" started-at="2024-04-04T22:50:54 IST" name="displayAwards" data-provider="awards" finished-at="2024-04-04T22:51:45 IST" duration-ms="50807" status="PASS">
          <params>
            <param index="0">
              <value>
                <![CDATA[IT Team Wins Two Awards at the DevOps India Summit 2023]]>
              </value>
            </param>
          </params>
          <reporter-output>
          </reporter-output>
        </test-method> <!-- displayAwards -->
        <test-method is-config="true" signature="getResult(org.testng.ITestResult)[pri:0, instance:testScenario.Global_IT@149dd36b]" started-at="2024-04-04T22:51:45 IST" name="getResult" finished-at="2024-04-04T22:51:45 IST" duration-ms="204" status="PASS">
          <params>
            <param index="0">
              <value>
                <![CDATA[[TestResult name=displayAwards status=SUCCESS method=Global_IT.displayAwards(java.lang.String)[pri:8, instance:testScenario.Global_IT@149dd36b] output={null}]]]>
              </value>
            </param>
          </params>
          <reporter-output>
          </reporter-output>
        </test-method> <!-- getResult -->
        <test-method is-config="true" signature="endReport()[pri:0, instance:testScenario.Global_IT@149dd36b]" started-at="2024-04-04T22:51:45 IST" name="endReport" finished-at="2024-04-04T22:51:45 IST" depends-on-methods="testScenario.Global_IT.getResult" duration-ms="17" status="PASS">
          <reporter-output>
          </reporter-output>
        </test-method> <!-- endReport -->
        <test-method signature="displayAwards(java.lang.String)[pri:8, instance:testScenario.Global_IT@149dd36b]" started-at="2024-04-04T22:51:45 IST" name="displayAwards" data-provider="awards" finished-at="2024-04-04T22:52:21 IST" duration-ms="35897" status="PASS">
          <params>
            <param index="0">
              <value>
                <![CDATA[CInsights Wins the Prestigious Brandon Hall Award]]>
              </value>
            </param>
          </params>
          <reporter-output>
          </reporter-output>
        </test-method> <!-- displayAwards -->
        <test-method is-config="true" signature="getResult(org.testng.ITestResult)[pri:0, instance:testScenario.Global_IT@149dd36b]" started-at="2024-04-04T22:52:21 IST" name="getResult" finished-at="2024-04-04T22:52:21 IST" duration-ms="156" status="PASS">
          <params>
            <param index="0">
              <value>
                <![CDATA[[TestResult name=displayAwards status=SUCCESS method=Global_IT.displayAwards(java.lang.String)[pri:8, instance:testScenario.Global_IT@149dd36b] output={null}]]]>
              </value>
            </param>
          </params>
          <reporter-output>
          </reporter-output>
        </test-method> <!-- getResult -->
        <test-method is-config="true" signature="endReport()[pri:0, instance:testScenario.Global_IT@149dd36b]" started-at="2024-04-04T22:52:21 IST" name="endReport" finished-at="2024-04-04T22:52:21 IST" depends-on-methods="testScenario.Global_IT.getResult" duration-ms="9" status="PASS">
          <reporter-output>
          </reporter-output>
        </test-method> <!-- endReport -->
        <test-method is-config="true" signature="closeBrowser()[pri:0, instance:testScenario.Global_IT@149dd36b]" started-at="2024-04-04T22:52:21 IST" name="closeBrowser" finished-at="2024-04-04T22:52:32 IST" duration-ms="11188" status="PASS">
          <reporter-output>
          </reporter-output>
        </test-method> <!-- closeBrowser -->
      </class> <!-- testScenario.Global_IT -->
    </test> <!-- Test search in Edge -->
  </suite> <!-- Suite -->
</testng-results>
